[2026-06-08T11:26:18.219+0000] {local_task_job_runner.py:120} INFO - ::group::Pre task execution logs
[2026-06-08T11:26:18.271+0000] {taskinstance.py:2076} INFO - Dependencies all met for dep_context=non-requeueable deps ti=<TaskInstance: pipeline_ventes.extraire_donnees manual__2026-06-08T11:26:17.098023+00:00 [queued]>
[2026-06-08T11:26:18.284+0000] {taskinstance.py:2076} INFO - Dependencies all met for dep_context=requeueable deps ti=<TaskInstance: pipeline_ventes.extraire_donnees manual__2026-06-08T11:26:17.098023+00:00 [queued]>
[2026-06-08T11:26:18.285+0000] {taskinstance.py:2306} INFO - Starting attempt 1 of 1
[2026-06-08T11:26:18.305+0000] {taskinstance.py:2330} INFO - Executing <Task(PythonOperator): extraire_donnees> on 2026-06-08 11:26:17.098023+00:00
[2026-06-08T11:26:18.316+0000] {standard_task_runner.py:90} INFO - Running: ['***', 'tasks', 'run', 'pipeline_ventes', 'extraire_donnees', 'manual__2026-06-08T11:26:17.098023+00:00', '--job-id', '5', '--raw', '--subdir', 'DAGS_FOLDER/pipeline_ventes.py', '--cfg-path', '/tmp/tmp3p55q494']
[2026-06-08T11:26:18.322+0000] {standard_task_runner.py:91} INFO - Job 5: Subtask extraire_donnees
[2026-06-08T11:26:18.326+0000] {logging_mixin.py:188} WARNING - /home/***/.local/lib/python3.12/site-packages/***/task/task_runner/standard_task_runner.py:61 DeprecationWarning: This process (pid=233) is multi-threaded, use of fork() may lead to deadlocks in the child.
[2026-06-08T11:26:18.327+0000] {standard_task_runner.py:63} INFO - Started process 234 to run task
[2026-06-08T11:26:18.403+0000] {task_command.py:426} INFO - Running <TaskInstance: pipeline_ventes.extraire_donnees manual__2026-06-08T11:26:17.098023+00:00 [running]> on host e3b807ada13a
[2026-06-08T11:26:18.545+0000] {taskinstance.py:2648} INFO - Exporting env vars: AIRFLOW_CTX_DAG_OWNER='***' AIRFLOW_CTX_DAG_ID='pipeline_ventes' AIRFLOW_CTX_TASK_ID='extraire_donnees' AIRFLOW_CTX_EXECUTION_DATE='2026-06-08T11:26:17.098023+00:00' AIRFLOW_CTX_TRY_NUMBER='1' AIRFLOW_CTX_DAG_RUN_ID='manual__2026-06-08T11:26:17.098023+00:00'
[2026-06-08T11:26:18.546+0000] {taskinstance.py:430} INFO - ::endgroup::
[2026-06-08T11:26:18.564+0000] {logging_mixin.py:188} INFO - Donnees extraites : 4 lignes
[2026-06-08T11:26:18.565+0000] {logging_mixin.py:188} INFO -   - Chaise x12 @ 45.0 euros
[2026-06-08T11:26:18.565+0000] {logging_mixin.py:188} INFO -   - Table x3 @ 120.0 euros
[2026-06-08T11:26:18.566+0000] {logging_mixin.py:188} INFO -   - Lampe x8 @ 25.0 euros
[2026-06-08T11:26:18.566+0000] {logging_mixin.py:188} INFO -   - Chaise x5 @ 45.0 euros
[2026-06-08T11:26:18.567+0000] {python.py:237} INFO - Done. Returned value was: [{'produit': 'Chaise', 'quantite': 12, 'prix_unitaire': 45.0}, {'produit': 'Table', 'quantite': 3, 'prix_unitaire': 120.0}, {'produit': 'Lampe', 'quantite': 8, 'prix_unitaire': 25.0}, {'produit': 'Chaise', 'quantite': 5, 'prix_unitaire': 45.0}]
[2026-06-08T11:26:18.568+0000] {taskinstance.py:441} INFO - ::group::Post task execution logs
[2026-06-08T11:26:18.609+0000] {taskinstance.py:1206} INFO - Marking task as SUCCESS. dag_id=pipeline_ventes, task_id=extraire_donnees, run_id=manual__2026-06-08T11:26:17.098023+00:00, execution_date=20260608T112617, start_date=20260608T112618, end_date=20260608T112618
[2026-06-08T11:26:18.664+0000] {local_task_job_runner.py:240} INFO - Task exited with return code 0
[2026-06-08T11:26:18.702+0000] {taskinstance.py:3503} INFO - 1 downstream tasks scheduled from follow-on schedule check
[2026-06-08T11:26:18.705+0000] {local_task_job_runner.py:222} INFO - ::endgroup::
