[2026-06-08T11:21:07.205+0000] {processor.py:161} INFO - Started process (PID=172) to work on /opt/airflow/dags/pipeline_ventes.py
[2026-06-08T11:21:07.209+0000] {processor.py:830} INFO - Processing file /opt/airflow/dags/pipeline_ventes.py for tasks to queue
[2026-06-08T11:21:07.214+0000] {logging_mixin.py:188} INFO - [2026-06-08T11:21:07.213+0000] {dagbag.py:545} INFO - Filling up the DagBag from /opt/airflow/dags/pipeline_ventes.py
[2026-06-08T11:21:07.261+0000] {processor.py:840} INFO - DAG(s) 'pipeline_ventes' retrieved from /opt/airflow/dags/pipeline_ventes.py
[2026-06-08T11:21:07.305+0000] {logging_mixin.py:188} INFO - [2026-06-08T11:21:07.305+0000] {dag.py:3096} INFO - Sync 1 DAGs
[2026-06-08T11:21:07.323+0000] {logging_mixin.py:188} INFO - [2026-06-08T11:21:07.322+0000] {dag.py:3954} INFO - Setting next_dagrun for pipeline_ventes to None, run_after=None
[2026-06-08T11:21:07.350+0000] {processor.py:183} INFO - Processing /opt/airflow/dags/pipeline_ventes.py took 0.154 seconds
[2026-06-08T11:21:37.474+0000] {processor.py:161} INFO - Started process (PID=177) to work on /opt/airflow/dags/pipeline_ventes.py
[2026-06-08T11:21:37.476+0000] {processor.py:830} INFO - Processing file /opt/airflow/dags/pipeline_ventes.py for tasks to queue
[2026-06-08T11:21:37.479+0000] {logging_mixin.py:188} INFO - [2026-06-08T11:21:37.478+0000] {dagbag.py:545} INFO - Filling up the DagBag from /opt/airflow/dags/pipeline_ventes.py
[2026-06-08T11:21:37.503+0000] {processor.py:840} INFO - DAG(s) 'pipeline_ventes' retrieved from /opt/airflow/dags/pipeline_ventes.py
[2026-06-08T11:21:37.855+0000] {logging_mixin.py:188} INFO - [2026-06-08T11:21:37.854+0000] {dag.py:3096} INFO - Sync 1 DAGs
[2026-06-08T11:21:37.870+0000] {logging_mixin.py:188} INFO - [2026-06-08T11:21:37.870+0000] {dag.py:3954} INFO - Setting next_dagrun for pipeline_ventes to None, run_after=None
[2026-06-08T11:21:37.917+0000] {processor.py:183} INFO - Processing /opt/airflow/dags/pipeline_ventes.py took 0.454 seconds
[2026-06-08T11:22:08.134+0000] {processor.py:161} INFO - Started process (PID=188) to work on /opt/airflow/dags/pipeline_ventes.py
[2026-06-08T11:22:08.136+0000] {processor.py:830} INFO - Processing file /opt/airflow/dags/pipeline_ventes.py for tasks to queue
[2026-06-08T11:22:08.139+0000] {logging_mixin.py:188} INFO - [2026-06-08T11:22:08.138+0000] {dagbag.py:545} INFO - Filling up the DagBag from /opt/airflow/dags/pipeline_ventes.py
[2026-06-08T11:22:08.159+0000] {processor.py:840} INFO - DAG(s) 'pipeline_ventes' retrieved from /opt/airflow/dags/pipeline_ventes.py
[2026-06-08T11:22:08.203+0000] {logging_mixin.py:188} INFO - [2026-06-08T11:22:08.203+0000] {dag.py:3096} INFO - Sync 1 DAGs
[2026-06-08T11:22:08.220+0000] {logging_mixin.py:188} INFO - [2026-06-08T11:22:08.220+0000] {dag.py:3954} INFO - Setting next_dagrun for pipeline_ventes to None, run_after=None
[2026-06-08T11:22:08.244+0000] {processor.py:183} INFO - Processing /opt/airflow/dags/pipeline_ventes.py took 0.116 seconds
[2026-06-08T11:22:38.350+0000] {processor.py:161} INFO - Started process (PID=193) to work on /opt/airflow/dags/pipeline_ventes.py
[2026-06-08T11:22:38.352+0000] {processor.py:830} INFO - Processing file /opt/airflow/dags/pipeline_ventes.py for tasks to queue
[2026-06-08T11:22:38.355+0000] {logging_mixin.py:188} INFO - [2026-06-08T11:22:38.354+0000] {dagbag.py:545} INFO - Filling up the DagBag from /opt/airflow/dags/pipeline_ventes.py
[2026-06-08T11:22:38.378+0000] {processor.py:840} INFO - DAG(s) 'pipeline_ventes' retrieved from /opt/airflow/dags/pipeline_ventes.py
[2026-06-08T11:22:38.420+0000] {logging_mixin.py:188} INFO - [2026-06-08T11:22:38.419+0000] {dag.py:3096} INFO - Sync 1 DAGs
[2026-06-08T11:22:38.442+0000] {logging_mixin.py:188} INFO - [2026-06-08T11:22:38.442+0000] {dag.py:3954} INFO - Setting next_dagrun for pipeline_ventes to None, run_after=None
[2026-06-08T11:22:38.468+0000] {processor.py:183} INFO - Processing /opt/airflow/dags/pipeline_ventes.py took 0.124 seconds
[2026-06-08T11:23:08.668+0000] {processor.py:161} INFO - Started process (PID=198) to work on /opt/airflow/dags/pipeline_ventes.py
[2026-06-08T11:23:08.669+0000] {processor.py:830} INFO - Processing file /opt/airflow/dags/pipeline_ventes.py for tasks to queue
[2026-06-08T11:23:08.671+0000] {logging_mixin.py:188} INFO - [2026-06-08T11:23:08.670+0000] {dagbag.py:545} INFO - Filling up the DagBag from /opt/airflow/dags/pipeline_ventes.py
[2026-06-08T11:23:08.693+0000] {processor.py:840} INFO - DAG(s) 'pipeline_ventes' retrieved from /opt/airflow/dags/pipeline_ventes.py
[2026-06-08T11:23:08.736+0000] {logging_mixin.py:188} INFO - [2026-06-08T11:23:08.735+0000] {dag.py:3096} INFO - Sync 1 DAGs
[2026-06-08T11:23:08.751+0000] {logging_mixin.py:188} INFO - [2026-06-08T11:23:08.750+0000] {dag.py:3954} INFO - Setting next_dagrun for pipeline_ventes to None, run_after=None
[2026-06-08T11:23:08.781+0000] {processor.py:183} INFO - Processing /opt/airflow/dags/pipeline_ventes.py took 0.119 seconds
[2026-06-08T11:23:38.906+0000] {processor.py:161} INFO - Started process (PID=203) to work on /opt/airflow/dags/pipeline_ventes.py
[2026-06-08T11:23:38.907+0000] {processor.py:830} INFO - Processing file /opt/airflow/dags/pipeline_ventes.py for tasks to queue
[2026-06-08T11:23:38.911+0000] {logging_mixin.py:188} INFO - [2026-06-08T11:23:38.910+0000] {dagbag.py:545} INFO - Filling up the DagBag from /opt/airflow/dags/pipeline_ventes.py
[2026-06-08T11:23:38.956+0000] {processor.py:840} INFO - DAG(s) 'pipeline_ventes' retrieved from /opt/airflow/dags/pipeline_ventes.py
[2026-06-08T11:23:39.021+0000] {logging_mixin.py:188} INFO - [2026-06-08T11:23:39.021+0000] {dag.py:3096} INFO - Sync 1 DAGs
[2026-06-08T11:23:39.049+0000] {logging_mixin.py:188} INFO - [2026-06-08T11:23:39.048+0000] {dag.py:3954} INFO - Setting next_dagrun for pipeline_ventes to None, run_after=None
[2026-06-08T11:23:39.090+0000] {processor.py:183} INFO - Processing /opt/airflow/dags/pipeline_ventes.py took 0.199 seconds
[2026-06-08T11:24:09.215+0000] {processor.py:161} INFO - Started process (PID=208) to work on /opt/airflow/dags/pipeline_ventes.py
[2026-06-08T11:24:09.216+0000] {processor.py:830} INFO - Processing file /opt/airflow/dags/pipeline_ventes.py for tasks to queue
[2026-06-08T11:24:09.218+0000] {logging_mixin.py:188} INFO - [2026-06-08T11:24:09.218+0000] {dagbag.py:545} INFO - Filling up the DagBag from /opt/airflow/dags/pipeline_ventes.py
[2026-06-08T11:24:09.240+0000] {processor.py:840} INFO - DAG(s) 'pipeline_ventes' retrieved from /opt/airflow/dags/pipeline_ventes.py
[2026-06-08T11:24:09.278+0000] {logging_mixin.py:188} INFO - [2026-06-08T11:24:09.277+0000] {dag.py:3096} INFO - Sync 1 DAGs
[2026-06-08T11:24:09.298+0000] {logging_mixin.py:188} INFO - [2026-06-08T11:24:09.296+0000] {dag.py:3954} INFO - Setting next_dagrun for pipeline_ventes to None, run_after=None
[2026-06-08T11:24:09.346+0000] {processor.py:183} INFO - Processing /opt/airflow/dags/pipeline_ventes.py took 0.137 seconds
[2026-06-08T11:24:39.518+0000] {processor.py:161} INFO - Started process (PID=213) to work on /opt/airflow/dags/pipeline_ventes.py
[2026-06-08T11:24:39.520+0000] {processor.py:830} INFO - Processing file /opt/airflow/dags/pipeline_ventes.py for tasks to queue
[2026-06-08T11:24:39.525+0000] {logging_mixin.py:188} INFO - [2026-06-08T11:24:39.524+0000] {dagbag.py:545} INFO - Filling up the DagBag from /opt/airflow/dags/pipeline_ventes.py
[2026-06-08T11:24:39.557+0000] {processor.py:840} INFO - DAG(s) 'pipeline_ventes' retrieved from /opt/airflow/dags/pipeline_ventes.py
[2026-06-08T11:24:39.599+0000] {logging_mixin.py:188} INFO - [2026-06-08T11:24:39.598+0000] {dag.py:3096} INFO - Sync 1 DAGs
[2026-06-08T11:24:39.616+0000] {logging_mixin.py:188} INFO - [2026-06-08T11:24:39.616+0000] {dag.py:3954} INFO - Setting next_dagrun for pipeline_ventes to None, run_after=None
[2026-06-08T11:24:39.643+0000] {processor.py:183} INFO - Processing /opt/airflow/dags/pipeline_ventes.py took 0.132 seconds
[2026-06-08T11:25:09.787+0000] {processor.py:161} INFO - Started process (PID=218) to work on /opt/airflow/dags/pipeline_ventes.py
[2026-06-08T11:25:09.789+0000] {processor.py:830} INFO - Processing file /opt/airflow/dags/pipeline_ventes.py for tasks to queue
[2026-06-08T11:25:09.792+0000] {logging_mixin.py:188} INFO - [2026-06-08T11:25:09.792+0000] {dagbag.py:545} INFO - Filling up the DagBag from /opt/airflow/dags/pipeline_ventes.py
[2026-06-08T11:25:09.823+0000] {processor.py:840} INFO - DAG(s) 'pipeline_ventes' retrieved from /opt/airflow/dags/pipeline_ventes.py
[2026-06-08T11:25:09.871+0000] {logging_mixin.py:188} INFO - [2026-06-08T11:25:09.871+0000] {dag.py:3096} INFO - Sync 1 DAGs
[2026-06-08T11:25:09.891+0000] {logging_mixin.py:188} INFO - [2026-06-08T11:25:09.890+0000] {dag.py:3954} INFO - Setting next_dagrun for pipeline_ventes to None, run_after=None
[2026-06-08T11:25:09.926+0000] {processor.py:183} INFO - Processing /opt/airflow/dags/pipeline_ventes.py took 0.146 seconds
[2026-06-08T11:25:40.106+0000] {processor.py:161} INFO - Started process (PID=223) to work on /opt/airflow/dags/pipeline_ventes.py
[2026-06-08T11:25:40.107+0000] {processor.py:830} INFO - Processing file /opt/airflow/dags/pipeline_ventes.py for tasks to queue
[2026-06-08T11:25:40.110+0000] {logging_mixin.py:188} INFO - [2026-06-08T11:25:40.109+0000] {dagbag.py:545} INFO - Filling up the DagBag from /opt/airflow/dags/pipeline_ventes.py
[2026-06-08T11:25:40.135+0000] {processor.py:840} INFO - DAG(s) 'pipeline_ventes' retrieved from /opt/airflow/dags/pipeline_ventes.py
[2026-06-08T11:25:40.180+0000] {logging_mixin.py:188} INFO - [2026-06-08T11:25:40.179+0000] {dag.py:3096} INFO - Sync 1 DAGs
[2026-06-08T11:25:40.197+0000] {logging_mixin.py:188} INFO - [2026-06-08T11:25:40.197+0000] {dag.py:3954} INFO - Setting next_dagrun for pipeline_ventes to None, run_after=None
[2026-06-08T11:25:40.230+0000] {processor.py:183} INFO - Processing /opt/airflow/dags/pipeline_ventes.py took 0.131 seconds
[2026-06-08T11:26:10.402+0000] {processor.py:161} INFO - Started process (PID=228) to work on /opt/airflow/dags/pipeline_ventes.py
[2026-06-08T11:26:10.404+0000] {processor.py:830} INFO - Processing file /opt/airflow/dags/pipeline_ventes.py for tasks to queue
[2026-06-08T11:26:10.407+0000] {logging_mixin.py:188} INFO - [2026-06-08T11:26:10.406+0000] {dagbag.py:545} INFO - Filling up the DagBag from /opt/airflow/dags/pipeline_ventes.py
[2026-06-08T11:26:10.439+0000] {processor.py:840} INFO - DAG(s) 'pipeline_ventes' retrieved from /opt/airflow/dags/pipeline_ventes.py
[2026-06-08T11:26:10.486+0000] {logging_mixin.py:188} INFO - [2026-06-08T11:26:10.486+0000] {dag.py:3096} INFO - Sync 1 DAGs
[2026-06-08T11:26:10.507+0000] {logging_mixin.py:188} INFO - [2026-06-08T11:26:10.507+0000] {dag.py:3954} INFO - Setting next_dagrun for pipeline_ventes to None, run_after=None
[2026-06-08T11:26:10.546+0000] {processor.py:183} INFO - Processing /opt/airflow/dags/pipeline_ventes.py took 0.151 seconds
[2026-06-08T11:26:40.653+0000] {processor.py:161} INFO - Started process (PID=245) to work on /opt/airflow/dags/pipeline_ventes.py
[2026-06-08T11:26:40.655+0000] {processor.py:830} INFO - Processing file /opt/airflow/dags/pipeline_ventes.py for tasks to queue
[2026-06-08T11:26:40.657+0000] {logging_mixin.py:188} INFO - [2026-06-08T11:26:40.657+0000] {dagbag.py:545} INFO - Filling up the DagBag from /opt/airflow/dags/pipeline_ventes.py
[2026-06-08T11:26:40.681+0000] {processor.py:840} INFO - DAG(s) 'pipeline_ventes' retrieved from /opt/airflow/dags/pipeline_ventes.py
[2026-06-08T11:26:40.725+0000] {logging_mixin.py:188} INFO - [2026-06-08T11:26:40.725+0000] {dag.py:3096} INFO - Sync 1 DAGs
[2026-06-08T11:26:40.742+0000] {logging_mixin.py:188} INFO - [2026-06-08T11:26:40.741+0000] {dag.py:3954} INFO - Setting next_dagrun for pipeline_ventes to None, run_after=None
[2026-06-08T11:26:40.769+0000] {processor.py:183} INFO - Processing /opt/airflow/dags/pipeline_ventes.py took 0.123 seconds
[2026-06-08T11:27:10.985+0000] {processor.py:161} INFO - Started process (PID=250) to work on /opt/airflow/dags/pipeline_ventes.py
[2026-06-08T11:27:10.986+0000] {processor.py:830} INFO - Processing file /opt/airflow/dags/pipeline_ventes.py for tasks to queue
[2026-06-08T11:27:10.989+0000] {logging_mixin.py:188} INFO - [2026-06-08T11:27:10.989+0000] {dagbag.py:545} INFO - Filling up the DagBag from /opt/airflow/dags/pipeline_ventes.py
[2026-06-08T11:27:11.016+0000] {processor.py:840} INFO - DAG(s) 'pipeline_ventes' retrieved from /opt/airflow/dags/pipeline_ventes.py
[2026-06-08T11:27:11.063+0000] {logging_mixin.py:188} INFO - [2026-06-08T11:27:11.062+0000] {dag.py:3096} INFO - Sync 1 DAGs
[2026-06-08T11:27:11.080+0000] {logging_mixin.py:188} INFO - [2026-06-08T11:27:11.079+0000] {dag.py:3954} INFO - Setting next_dagrun for pipeline_ventes to None, run_after=None
[2026-06-08T11:27:11.113+0000] {processor.py:183} INFO - Processing /opt/airflow/dags/pipeline_ventes.py took 0.137 seconds
[2026-06-08T11:27:41.203+0000] {processor.py:161} INFO - Started process (PID=255) to work on /opt/airflow/dags/pipeline_ventes.py
[2026-06-08T11:27:41.205+0000] {processor.py:830} INFO - Processing file /opt/airflow/dags/pipeline_ventes.py for tasks to queue
[2026-06-08T11:27:41.207+0000] {logging_mixin.py:188} INFO - [2026-06-08T11:27:41.207+0000] {dagbag.py:545} INFO - Filling up the DagBag from /opt/airflow/dags/pipeline_ventes.py
[2026-06-08T11:27:41.235+0000] {processor.py:840} INFO - DAG(s) 'pipeline_ventes' retrieved from /opt/airflow/dags/pipeline_ventes.py
[2026-06-08T11:27:41.286+0000] {logging_mixin.py:188} INFO - [2026-06-08T11:27:41.286+0000] {dag.py:3096} INFO - Sync 1 DAGs
[2026-06-08T11:27:41.304+0000] {logging_mixin.py:188} INFO - [2026-06-08T11:27:41.304+0000] {dag.py:3954} INFO - Setting next_dagrun for pipeline_ventes to None, run_after=None
[2026-06-08T11:27:41.334+0000] {processor.py:183} INFO - Processing /opt/airflow/dags/pipeline_ventes.py took 0.139 seconds
[2026-06-08T11:28:11.567+0000] {processor.py:161} INFO - Started process (PID=260) to work on /opt/airflow/dags/pipeline_ventes.py
[2026-06-08T11:28:11.569+0000] {processor.py:830} INFO - Processing file /opt/airflow/dags/pipeline_ventes.py for tasks to queue
[2026-06-08T11:28:11.572+0000] {logging_mixin.py:188} INFO - [2026-06-08T11:28:11.572+0000] {dagbag.py:545} INFO - Filling up the DagBag from /opt/airflow/dags/pipeline_ventes.py
[2026-06-08T11:28:11.599+0000] {processor.py:840} INFO - DAG(s) 'pipeline_ventes' retrieved from /opt/airflow/dags/pipeline_ventes.py
[2026-06-08T11:28:11.644+0000] {logging_mixin.py:188} INFO - [2026-06-08T11:28:11.643+0000] {dag.py:3096} INFO - Sync 1 DAGs
[2026-06-08T11:28:11.660+0000] {logging_mixin.py:188} INFO - [2026-06-08T11:28:11.660+0000] {dag.py:3954} INFO - Setting next_dagrun for pipeline_ventes to None, run_after=None
[2026-06-08T11:28:11.686+0000] {processor.py:183} INFO - Processing /opt/airflow/dags/pipeline_ventes.py took 0.125 seconds
