[2026-06-08T11:22:04.484+0000] {local_task_job_runner.py:120} INFO - ::group::Pre task execution logs
[2026-06-08T11:22:04.528+0000] {taskinstance.py:2076} INFO - Dependencies all met for dep_context=non-requeueable deps ti=<TaskInstance: pipeline_ventes.sauvegarder_rapport manual__2026-06-08T11:22:00+00:00 [queued]>
[2026-06-08T11:22:04.541+0000] {taskinstance.py:2076} INFO - Dependencies all met for dep_context=requeueable deps ti=<TaskInstance: pipeline_ventes.sauvegarder_rapport manual__2026-06-08T11:22:00+00:00 [queued]>
[2026-06-08T11:22:04.542+0000] {taskinstance.py:2306} INFO - Starting attempt 1 of 1
[2026-06-08T11:22:04.559+0000] {taskinstance.py:2330} INFO - Executing <Task(PythonOperator): sauvegarder_rapport> on 2026-06-08 11:22:00+00:00
[2026-06-08T11:22:04.570+0000] {standard_task_runner.py:90} INFO - Running: ['***', 'tasks', 'run', 'pipeline_ventes', 'sauvegarder_rapport', 'manual__2026-06-08T11:22:00+00:00', '--job-id', '4', '--raw', '--subdir', 'DAGS_FOLDER/pipeline_ventes.py', '--cfg-path', '/tmp/tmp5w9dc59a']
[2026-06-08T11:22:04.573+0000] {standard_task_runner.py:91} INFO - Job 4: Subtask sauvegarder_rapport
[2026-06-08T11:22:04.574+0000] {logging_mixin.py:188} WARNING - /home/***/.local/lib/python3.12/site-packages/***/task/task_runner/standard_task_runner.py:61 DeprecationWarning: This process (pid=186) is multi-threaded, use of fork() may lead to deadlocks in the child.
[2026-06-08T11:22:04.575+0000] {standard_task_runner.py:63} INFO - Started process 187 to run task
[2026-06-08T11:22:04.637+0000] {task_command.py:426} INFO - Running <TaskInstance: pipeline_ventes.sauvegarder_rapport manual__2026-06-08T11:22:00+00:00 [running]> on host e3b807ada13a
[2026-06-08T11:22:04.751+0000] {taskinstance.py:2648} INFO - Exporting env vars: AIRFLOW_CTX_DAG_OWNER='***' AIRFLOW_CTX_DAG_ID='pipeline_ventes' AIRFLOW_CTX_TASK_ID='sauvegarder_rapport' AIRFLOW_CTX_EXECUTION_DATE='2026-06-08T11:22:00+00:00' AIRFLOW_CTX_TRY_NUMBER='1' AIRFLOW_CTX_DAG_RUN_ID='manual__2026-06-08T11:22:00+00:00'
[2026-06-08T11:22:04.753+0000] {taskinstance.py:430} INFO - ::endgroup::
[2026-06-08T11:22:04.780+0000] {logging_mixin.py:188} INFO - Rapport genere le 2026-06-08 11:22
[2026-06-08T11:22:04.781+0000] {logging_mixin.py:188} INFO - Total des ventes : 1325.00 euros
[2026-06-08T11:22:04.781+0000] {logging_mixin.py:188} INFO - Rapport sauvegarde avec succes (simulation)
[2026-06-08T11:22:04.782+0000] {python.py:237} INFO - Done. Returned value was: None
[2026-06-08T11:22:04.783+0000] {taskinstance.py:441} INFO - ::group::Post task execution logs
[2026-06-08T11:22:04.797+0000] {taskinstance.py:1206} INFO - Marking task as SUCCESS. dag_id=pipeline_ventes, task_id=sauvegarder_rapport, run_id=manual__2026-06-08T11:22:00+00:00, execution_date=20260608T112200, start_date=20260608T112204, end_date=20260608T112204
[2026-06-08T11:22:04.829+0000] {local_task_job_runner.py:240} INFO - Task exited with return code 0
[2026-06-08T11:22:04.856+0000] {taskinstance.py:3503} INFO - 0 downstream tasks scheduled from follow-on schedule check
[2026-06-08T11:22:04.858+0000] {local_task_job_runner.py:222} INFO - ::endgroup::
