[2026-06-08T11:22:02.950+0000] {local_task_job_runner.py:120} INFO - ::group::Pre task execution logs
[2026-06-08T11:22:02.994+0000] {taskinstance.py:2076} INFO - Dependencies all met for dep_context=non-requeueable deps ti=<TaskInstance: pipeline_ventes.calculer_totaux manual__2026-06-08T11:22:00+00:00 [queued]>
[2026-06-08T11:22:03.007+0000] {taskinstance.py:2076} INFO - Dependencies all met for dep_context=requeueable deps ti=<TaskInstance: pipeline_ventes.calculer_totaux manual__2026-06-08T11:22:00+00:00 [queued]>
[2026-06-08T11:22:03.008+0000] {taskinstance.py:2306} INFO - Starting attempt 1 of 1
[2026-06-08T11:22:03.042+0000] {taskinstance.py:2330} INFO - Executing <Task(PythonOperator): calculer_totaux> on 2026-06-08 11:22:00+00:00
[2026-06-08T11:22:03.056+0000] {standard_task_runner.py:90} INFO - Running: ['***', 'tasks', 'run', 'pipeline_ventes', 'calculer_totaux', 'manual__2026-06-08T11:22:00+00:00', '--job-id', '3', '--raw', '--subdir', 'DAGS_FOLDER/pipeline_ventes.py', '--cfg-path', '/tmp/tmpc_eorgaz']
[2026-06-08T11:22:03.058+0000] {standard_task_runner.py:91} INFO - Job 3: Subtask calculer_totaux
[2026-06-08T11:22:03.059+0000] {logging_mixin.py:188} WARNING - /home/***/.local/lib/python3.12/site-packages/***/task/task_runner/standard_task_runner.py:61 DeprecationWarning: This process (pid=184) is multi-threaded, use of fork() may lead to deadlocks in the child.
[2026-06-08T11:22:03.060+0000] {standard_task_runner.py:63} INFO - Started process 185 to run task
[2026-06-08T11:22:03.129+0000] {task_command.py:426} INFO - Running <TaskInstance: pipeline_ventes.calculer_totaux manual__2026-06-08T11:22:00+00:00 [running]> on host e3b807ada13a
[2026-06-08T11:22:03.237+0000] {taskinstance.py:2648} INFO - Exporting env vars: AIRFLOW_CTX_DAG_OWNER='***' AIRFLOW_CTX_DAG_ID='pipeline_ventes' AIRFLOW_CTX_TASK_ID='calculer_totaux' AIRFLOW_CTX_EXECUTION_DATE='2026-06-08T11:22:00+00:00' AIRFLOW_CTX_TRY_NUMBER='1' AIRFLOW_CTX_DAG_RUN_ID='manual__2026-06-08T11:22:00+00:00'
[2026-06-08T11:22:03.238+0000] {taskinstance.py:430} INFO - ::endgroup::
[2026-06-08T11:22:03.265+0000] {logging_mixin.py:188} INFO - Totaux par produit :
[2026-06-08T11:22:03.266+0000] {logging_mixin.py:188} INFO -   Chaise : 765.00 euros
[2026-06-08T11:22:03.267+0000] {logging_mixin.py:188} INFO -   Table : 360.00 euros
[2026-06-08T11:22:03.268+0000] {logging_mixin.py:188} INFO -   Lampe : 200.00 euros
[2026-06-08T11:22:03.268+0000] {logging_mixin.py:188} INFO - Total global : 1325.00 euros
[2026-06-08T11:22:03.269+0000] {python.py:237} INFO - Done. Returned value was: {'totaux': {'Chaise': 765.0, 'Table': 360.0, 'Lampe': 200.0}, 'total_global': 1325.0}
[2026-06-08T11:22:03.269+0000] {taskinstance.py:441} INFO - ::group::Post task execution logs
[2026-06-08T11:22:03.304+0000] {taskinstance.py:1206} INFO - Marking task as SUCCESS. dag_id=pipeline_ventes, task_id=calculer_totaux, run_id=manual__2026-06-08T11:22:00+00:00, execution_date=20260608T112200, start_date=20260608T112202, end_date=20260608T112203
[2026-06-08T11:22:03.355+0000] {local_task_job_runner.py:240} INFO - Task exited with return code 0
[2026-06-08T11:22:03.390+0000] {taskinstance.py:3503} INFO - 1 downstream tasks scheduled from follow-on schedule check
[2026-06-08T11:22:03.392+0000] {local_task_job_runner.py:222} INFO - ::endgroup::
