[2026-06-08T11:21:07.009+0000] {manager.py:470} INFO - Processing files using up to 2 processes at a time 
[2026-06-08T11:21:07.011+0000] {manager.py:471} INFO - Process each file at most once every 30 seconds
[2026-06-08T11:21:07.012+0000] {manager.py:472} INFO - Checking for new files in /opt/airflow/dags every 300 seconds
[2026-06-08T11:21:07.014+0000] {manager.py:737} INFO - Searching for files in /opt/airflow/dags
[2026-06-08T11:21:07.037+0000] {manager.py:740} INFO - There are 1 files in /opt/airflow/dags
[2026-06-08T11:21:07.231+0000] {manager.py:878} INFO - 
================================================================================
DAG File Processing Stats

File Path                               PID  Runtime      # DAGs    # Errors  Last Runtime    Last Run
------------------------------------  -----  ---------  --------  ----------  --------------  ----------
/opt/airflow/dags/pipeline_ventes.py    172  0.08s             0           0
================================================================================
[2026-06-08T11:21:37.449+0000] {manager.py:878} INFO - 
================================================================================
DAG File Processing Stats

File Path                               PID  Runtime      # DAGs    # Errors  Last Runtime    Last Run
------------------------------------  -----  ---------  --------  ----------  --------------  -------------------
/opt/airflow/dags/pipeline_ventes.py    177  0.01s             1           0  0.21s           2026-06-08T11:21:07
================================================================================
[2026-06-08T11:22:07.738+0000] {manager.py:878} INFO - 
================================================================================
DAG File Processing Stats

File Path                             PID    Runtime      # DAGs    # Errors  Last Runtime    Last Run
------------------------------------  -----  ---------  --------  ----------  --------------  -------------------
/opt/airflow/dags/pipeline_ventes.py                           1           0  0.49s           2026-06-08T11:21:37
================================================================================
[2026-06-08T11:22:38.327+0000] {manager.py:878} INFO - 
================================================================================
DAG File Processing Stats

File Path                               PID  Runtime      # DAGs    # Errors  Last Runtime    Last Run
------------------------------------  -----  ---------  --------  ----------  --------------  -------------------
/opt/airflow/dags/pipeline_ventes.py    193  0.01s             1           0  0.15s           2026-06-08T11:22:08
================================================================================
[2026-06-08T11:23:08.646+0000] {manager.py:878} INFO - 
================================================================================
DAG File Processing Stats

File Path                               PID  Runtime      # DAGs    # Errors  Last Runtime    Last Run
------------------------------------  -----  ---------  --------  ----------  --------------  -------------------
/opt/airflow/dags/pipeline_ventes.py    198  0.01s             1           0  0.17s           2026-06-08T11:22:38
================================================================================
[2026-06-08T11:23:38.871+0000] {manager.py:878} INFO - 
================================================================================
DAG File Processing Stats

File Path                               PID  Runtime      # DAGs    # Errors  Last Runtime    Last Run
------------------------------------  -----  ---------  --------  ----------  --------------  -------------------
/opt/airflow/dags/pipeline_ventes.py    203  0.01s             1           0  0.16s           2026-06-08T11:23:08
================================================================================
[2026-06-08T11:24:09.193+0000] {manager.py:878} INFO - 
================================================================================
DAG File Processing Stats

File Path                               PID  Runtime      # DAGs    # Errors  Last Runtime    Last Run
------------------------------------  -----  ---------  --------  ----------  --------------  -------------------
/opt/airflow/dags/pipeline_ventes.py    208  0.01s             1           0  0.24s           2026-06-08T11:23:39
================================================================================
[2026-06-08T11:24:39.492+0000] {manager.py:878} INFO - 
================================================================================
DAG File Processing Stats

File Path                               PID  Runtime      # DAGs    # Errors  Last Runtime    Last Run
------------------------------------  -----  ---------  --------  ----------  --------------  -------------------
/opt/airflow/dags/pipeline_ventes.py    213  0.01s             1           0  0.18s           2026-06-08T11:24:09
================================================================================
[2026-06-08T11:25:09.760+0000] {manager.py:878} INFO - 
================================================================================
DAG File Processing Stats

File Path                               PID  Runtime      # DAGs    # Errors  Last Runtime    Last Run
------------------------------------  -----  ---------  --------  ----------  --------------  -------------------
/opt/airflow/dags/pipeline_ventes.py    218  0.01s             1           0  0.18s           2026-06-08T11:24:39
================================================================================
[2026-06-08T11:25:40.079+0000] {manager.py:878} INFO - 
================================================================================
DAG File Processing Stats

File Path                               PID  Runtime      # DAGs    # Errors  Last Runtime    Last Run
------------------------------------  -----  ---------  --------  ----------  --------------  -------------------
/opt/airflow/dags/pipeline_ventes.py    223  0.01s             1           0  0.19s           2026-06-08T11:25:09
================================================================================
[2026-06-08T11:26:07.280+0000] {manager.py:737} INFO - Searching for files in /opt/airflow/dags
[2026-06-08T11:26:07.318+0000] {manager.py:740} INFO - There are 1 files in /opt/airflow/dags
[2026-06-08T11:26:10.377+0000] {manager.py:878} INFO - 
================================================================================
DAG File Processing Stats

File Path                               PID  Runtime      # DAGs    # Errors  Last Runtime    Last Run
------------------------------------  -----  ---------  --------  ----------  --------------  -------------------
/opt/airflow/dags/pipeline_ventes.py    228  0.01s             1           0  0.18s           2026-06-08T11:25:40
================================================================================
[2026-06-08T11:26:40.628+0000] {manager.py:878} INFO - 
================================================================================
DAG File Processing Stats

File Path                               PID  Runtime      # DAGs    # Errors  Last Runtime    Last Run
------------------------------------  -----  ---------  --------  ----------  --------------  -------------------
/opt/airflow/dags/pipeline_ventes.py    245  0.01s             1           0  0.19s           2026-06-08T11:26:10
================================================================================
[2026-06-08T11:27:10.961+0000] {manager.py:878} INFO - 
================================================================================
DAG File Processing Stats

File Path                               PID  Runtime      # DAGs    # Errors  Last Runtime    Last Run
------------------------------------  -----  ---------  --------  ----------  --------------  -------------------
/opt/airflow/dags/pipeline_ventes.py    250  0.01s             1           0  0.16s           2026-06-08T11:26:40
================================================================================
