[2026-06-08T11:26:23.135+0000] {local_task_job_runner.py:120} INFO - ::group::Pre task execution logs
[2026-06-08T11:26:23.182+0000] {taskinstance.py:2076} INFO - Dependencies all met for dep_context=non-requeueable deps ti=<TaskInstance: pipeline_ventes.calculer_totaux manual__2026-06-08T11:26:20.947759+00:00 [queued]>
[2026-06-08T11:26:23.196+0000] {taskinstance.py:2076} INFO - Dependencies all met for dep_context=requeueable deps ti=<TaskInstance: pipeline_ventes.calculer_totaux manual__2026-06-08T11:26:20.947759+00:00 [queued]>
[2026-06-08T11:26:23.198+0000] {taskinstance.py:2306} INFO - Starting attempt 1 of 1
[2026-06-08T11:26:23.215+0000] {taskinstance.py:2330} INFO - Executing <Task(PythonOperator): calculer_totaux> on 2026-06-08 11:26:20.947759+00:00
[2026-06-08T11:26:23.229+0000] {standard_task_runner.py:90} INFO - Running: ['***', 'tasks', 'run', 'pipeline_ventes', 'calculer_totaux', 'manual__2026-06-08T11:26:20.947759+00:00', '--job-id', '9', '--raw', '--subdir', 'DAGS_FOLDER/pipeline_ventes.py', '--cfg-path', '/tmp/tmpmkj54sae']
[2026-06-08T11:26:23.231+0000] {standard_task_runner.py:91} INFO - Job 9: Subtask calculer_totaux
[2026-06-08T11:26:23.235+0000] {logging_mixin.py:188} WARNING - /home/***/.local/lib/python3.12/site-packages/***/task/task_runner/standard_task_runner.py:61 DeprecationWarning: This process (pid=241) is multi-threaded, use of fork() may lead to deadlocks in the child.
[2026-06-08T11:26:23.236+0000] {standard_task_runner.py:63} INFO - Started process 242 to run task
[2026-06-08T11:26:23.297+0000] {task_command.py:426} INFO - Running <TaskInstance: pipeline_ventes.calculer_totaux manual__2026-06-08T11:26:20.947759+00:00 [running]> on host e3b807ada13a
[2026-06-08T11:26:23.455+0000] {taskinstance.py:2648} INFO - Exporting env vars: AIRFLOW_CTX_DAG_OWNER='***' AIRFLOW_CTX_DAG_ID='pipeline_ventes' AIRFLOW_CTX_TASK_ID='calculer_totaux' AIRFLOW_CTX_EXECUTION_DATE='2026-06-08T11:26:20.947759+00:00' AIRFLOW_CTX_TRY_NUMBER='1' AIRFLOW_CTX_DAG_RUN_ID='manual__2026-06-08T11:26:20.947759+00:00'
[2026-06-08T11:26:23.456+0000] {taskinstance.py:430} INFO - ::endgroup::
[2026-06-08T11:26:23.490+0000] {logging_mixin.py:188} INFO - Totaux par produit :
[2026-06-08T11:26:23.491+0000] {logging_mixin.py:188} INFO -   Chaise : 765.00 euros
[2026-06-08T11:26:23.492+0000] {logging_mixin.py:188} INFO -   Table : 360.00 euros
[2026-06-08T11:26:23.492+0000] {logging_mixin.py:188} INFO -   Lampe : 200.00 euros
[2026-06-08T11:26:23.493+0000] {logging_mixin.py:188} INFO - Total global : 1325.00 euros
[2026-06-08T11:26:23.494+0000] {python.py:237} INFO - Done. Returned value was: {'totaux': {'Chaise': 765.0, 'Table': 360.0, 'Lampe': 200.0}, 'total_global': 1325.0}
[2026-06-08T11:26:23.494+0000] {taskinstance.py:441} INFO - ::group::Post task execution logs
[2026-06-08T11:26:23.535+0000] {taskinstance.py:1206} INFO - Marking task as SUCCESS. dag_id=pipeline_ventes, task_id=calculer_totaux, run_id=manual__2026-06-08T11:26:20.947759+00:00, execution_date=20260608T112620, start_date=20260608T112623, end_date=20260608T112623
[2026-06-08T11:26:23.571+0000] {local_task_job_runner.py:240} INFO - Task exited with return code 0
[2026-06-08T11:26:23.600+0000] {taskinstance.py:3503} INFO - 1 downstream tasks scheduled from follow-on schedule check
[2026-06-08T11:26:23.604+0000] {local_task_job_runner.py:222} INFO - ::endgroup::
